2025.02.13 at 11:07:26 JST
-------------------------------------------------------

      Make Potential Energy Surface for SINDO
                         Version 4.0
                         Release 0602

                COPYRIGHT 2022:  
                   Kiyoshi Yagi  kiyoshi.yagi@riken.jp 

-------------------------------------------------------

Launch MakePES module

  o Input options read via nh3_output.xml ...  [OK] 
     - Molecular info via nh3.minfo ...  [OK] 
     - Minfo_folder = minfo.files/
     - InterDomain  = false
     - ActiveModes:
        * Domain 1
            1   2   3   4   5   6 
     - Dipole  = false

  o Options for Quantum Chemistry jobs 

    QCID: 1
     - Program      = generic
     - Title        = B3LYP/cc-pVDZ
     - xyzfile      = makeQFF

  o Options for QFF 

     - QCID         = 1
     - MR           = 3
     - stepsize     = 0.50         
     - ndifftype    = hess
     - mopfile      = prop_no_1.mop
     - intradomain_hc       = true
     - gradient_and_hessian = input

Setup MakeQFF module


Enter QFF generation:

   Writing the coordinates of grid points to makeQFF.xyz

   Done! Number of grid points:  13


End of QFF generation.

