2025.02.13 at 22:24:22 JST
-------------------------------------------------------

      Make Potential Energy Surface for SINDO
                         Version 4.0
                         Release 0602

                COPYRIGHT 2022:  
                   Kiyoshi Yagi  kiyoshi.yagi@riken.jp 

-------------------------------------------------------

Launch MakePES module

  o Input options read via nh3_grid.xml ...  [OK] 
     - Molecular info via nh3.minfo ...  [OK] 
     - Minfo_folder = minfo.files/
     - InterDomain  = false
     - ActiveModes:
        * Domain 1
            1   2   3   4   5   6 
     - Dipole  = true

  o Options for Quantum Chemistry jobs 

    QCID: 1
     - Program      = generic
     - Title        = B3LYP/cc-pVDZ
     - xyzfile      = makeGrid

  o Options for Grid 

     - QCID         = 1
     - MR           = 3
     - FullMC       = true

Setup MakeGrid module

  o ngrid =    11 
  o 1MR Grid: 
      1 2 3 4 5 6 
  o 2MR Grid: 
      (1,2) (1,3) (2,3) (1,4) (2,4) (3,4) (1,5) (2,5) (3,5) (4,5) 
      (1,6) (2,6) (3,6) (4,6) (5,6) 
  o 3MR Grid: 
      (1,2,3) (1,2,4) (1,3,4) (2,3,4) (1,2,5) (1,3,5) (2,3,5) (1,4,5) (2,4,5) (3,4,5) 
      (1,2,6) (1,3,6) (2,3,6) (1,4,6) (2,4,6) (3,4,6) (1,5,6) (2,5,6) (3,5,6) (4,5,6) 
      

Enter GridPES generation:

   Writing the coordinates of grid points to makeGrid.xyz

   Done! Number of grid points:  21561


End of GridPES generation:

